

============================== 2022-03-14 06:01:53.180910 | 47986fe6-c664-4899-909f-10a707c2c149 ==============================
06:01:53.180910 [info ] [MainThread]: Running with dbt=1.0.3
06:01:53.181277 [debug] [MainThread]: running dbt with arguments Namespace(record_timing_info=None, debug=None, log_format=None, write_json=None, use_colors=None, printer_width=None, warn_error=None, version_check=None, partial_parse=None, single_threaded=False, use_experimental_parser=None, static_parser=None, profiles_dir='/Users/brianwang/.dbt', send_anonymous_usage_stats=None, fail_fast=None, event_buffer_size=None, project_dir=None, profile=None, target=None, vars='{}', log_cache_events=False, project_name='jaffle_shop', skip_profile_setup=False, defer=None, state=None, cls=<class 'dbt.task.init.InitTask'>, which='init', rpc_method=None)
06:01:53.181546 [debug] [MainThread]: Tracking: tracking
06:01:53.192612 [debug] [MainThread]: Sending event: {'category': 'dbt', 'action': 'invocation', 'label': 'start', 'context': [<snowplow_tracker.self_describing_json.SelfDescribingJson object at 0x1068dd5e0>, <snowplow_tracker.self_describing_json.SelfDescribingJson object at 0x1068dd550>, <snowplow_tracker.self_describing_json.SelfDescribingJson object at 0x1068dd0a0>]}
06:01:53.194121 [debug] [MainThread]: Starter project path: /usr/local/Cellar/dbt-bigquery/1.0.0_2/libexec/lib/python3.9/site-packages/dbt/include/starter_project
06:01:55.998003 [debug] [MainThread]: Sending event: {'category': 'dbt', 'action': 'invocation', 'label': 'end', 'context': [<snowplow_tracker.self_describing_json.SelfDescribingJson object at 0x106892c10>, <snowplow_tracker.self_describing_json.SelfDescribingJson object at 0x106892ac0>, <snowplow_tracker.self_describing_json.SelfDescribingJson object at 0x1068dd5e0>]}


============================== 2022-03-14 06:02:04.249934 | 90eff2f0-497f-4e9e-8ed9-89b52af7d910 ==============================
06:02:04.249934 [info ] [MainThread]: Running with dbt=1.0.3
06:02:04.250331 [debug] [MainThread]: running dbt with arguments Namespace(record_timing_info=None, debug=None, log_format=None, write_json=None, use_colors=None, printer_width=None, warn_error=None, version_check=None, partial_parse=None, single_threaded=False, use_experimental_parser=None, static_parser=None, profiles_dir='/Users/brianwang/.dbt', send_anonymous_usage_stats=None, fail_fast=None, event_buffer_size=None, project_dir=None, profile=None, target=None, vars='{}', log_cache_events=False, config_dir=False, defer=None, state=None, cls=<class 'dbt.task.debug.DebugTask'>, which='debug', rpc_method=None)
06:02:04.250598 [debug] [MainThread]: Tracking: tracking
06:02:04.261674 [debug] [MainThread]: Sending event: {'category': 'dbt', 'action': 'invocation', 'label': 'start', 'context': [<snowplow_tracker.self_describing_json.SelfDescribingJson object at 0x11307fa60>, <snowplow_tracker.self_describing_json.SelfDescribingJson object at 0x11307f5e0>, <snowplow_tracker.self_describing_json.SelfDescribingJson object at 0x113081880>]}
06:02:04.593409 [debug] [MainThread]: Executing "git --help"
06:02:04.598329 [debug] [MainThread]: STDOUT: "b"usage: git [--version] [--help] [-C <path>] [-c name=value]\n           [--exec-path[=<path>]] [--html-path] [--man-path] [--info-path]\n           [-p | --paginate | --no-pager] [--no-replace-objects] [--bare]\n           [--git-dir=<path>] [--work-tree=<path>] [--namespace=<name>]\n           <command> [<args>]\n\nThese are common Git commands used in various situations:\n\nstart a working area (see also: git help tutorial)\n   clone      Clone a repository into a new directory\n   init       Create an empty Git repository or reinitialize an existing one\n\nwork on the current change (see also: git help everyday)\n   add        Add file contents to the index\n   mv         Move or rename a file, a directory, or a symlink\n   reset      Reset current HEAD to the specified state\n   rm         Remove files from the working tree and from the index\n\nexamine the history and state (see also: git help revisions)\n   bisect     Use binary search to find the commit that introduced a bug\n   grep       Print lines matching a pattern\n   log        Show commit logs\n   show       Show various types of objects\n   status     Show the working tree status\n\ngrow, mark and tweak your common history\n   branch     List, create, or delete branches\n   checkout   Switch branches or restore working tree files\n   commit     Record changes to the repository\n   diff       Show changes between commits, commit and working tree, etc\n   merge      Join two or more development histories together\n   rebase     Reapply commits on top of another base tip\n   tag        Create, list, delete or verify a tag object signed with GPG\n\ncollaborate (see also: git help workflows)\n   fetch      Download objects and refs from another repository\n   pull       Fetch from and integrate with another repository or a local branch\n   push       Update remote refs along with associated objects\n\n'git help -a' and 'git help -g' list available subcommands and some\nconcept guides. See 'git help <command>' or 'git help <concept>'\nto read about a specific subcommand or concept.\n""
06:02:04.598824 [debug] [MainThread]: STDERR: "b''"
06:02:04.603371 [debug] [MainThread]: Acquiring new bigquery connection "debug"
06:02:04.604020 [debug] [MainThread]: Opening a new connection, currently in state init
06:02:04.606237 [debug] [MainThread]: On debug: select 1 as id
06:02:04.807783 [debug] [MainThread]: Sending event: {'category': 'dbt', 'action': 'invocation', 'label': 'end', 'context': [<snowplow_tracker.self_describing_json.SelfDescribingJson object at 0x113061cd0>, <snowplow_tracker.self_describing_json.SelfDescribingJson object at 0x114320040>, <snowplow_tracker.self_describing_json.SelfDescribingJson object at 0x114320100>]}
06:02:05.577534 [debug] [MainThread]: Connection 'debug' was properly closed.
